<?xml version="1.0" encoding="UTF-8"?>
<!-- Generated by org.testng.reporters.JUnitReportReporter -->
<testsuite skipped="0" hostname="Lenovo-PC" name="Test.EncryptedEmailTest" tests="1" failures="0" timestamp="17 May 2018 18:33:14 GMT" time="23.612" errors="0">
  <testcase name="basePageNavigation" time="23.612" classname="Test.EncryptedEmailTest"/>
</testsuite> <!-- Test.EncryptedEmailTest -->
